<?xml version="1.0" encoding="UTF-8"?>
<robot generator="Robot 7.1.1 (Python 3.12.5 on win32)" generated="2025-02-24T12:23:22.415815" rpa="false" schemaversion="5">
<suite id="s1" name="Shop project" source="D:\Shop_project">
<suite id="s1-s1" name="Tests" source="D:\Shop_project\tests">
<kw name="Run Keywords" owner="BuiltIn" type="SETUP">
<kw name="User ${USER} Opens The Browser" owner="ShopLibrary" source_name="User ${USER} Opens The Browser">
<msg time="2025-02-24T12:23:22.673201" level="INFO">Opening browser 'chrome' to base url 'https://google.com'.</msg>
<status status="PASS" start="2025-02-24T12:23:22.668564" elapsed="3.155226"/>
</kw>
<kw name="User ${USER} Navigates To The Url" owner="ShopLibrary" source_name="User ${USER} Navigates To The Url">
<msg time="2025-02-24T12:23:25.823790" level="INFO">Opening url 'https://shopstage.icewarp.com/login'</msg>
<msg time="2025-02-24T12:24:17.514464" level="INFO">Opening url 'https://shopstage.icewarp.com/login'</msg>
<status status="PASS" start="2025-02-24T12:23:25.823790" elapsed="52.370526"/>
</kw>
<kw name="User ${USER} Logs In To The Shop" owner="ShopLibrary" source_name="User ${USER} Logs In To The Shop">
<msg time="2025-02-24T12:24:18.492014" level="INFO">Typing text 'chandrakant.waingankar@icewarp.co.in' into text field 'id:email'.</msg>
<msg time="2025-02-24T12:24:18.778902" level="INFO">Typing text 'MIGA_2024' into text field 'id:password'.</msg>
<kw name="Set Focus To Element" owner="ShopLibrary">
<arg>//button[contains(text(),'Sign In')]</arg>
<doc>Sets the focus to the element identified by ``locator``.</doc>
<status status="PASS" start="2025-02-24T12:24:19.144749" elapsed="0.041282"/>
</kw>
<msg time="2025-02-24T12:24:19.186031" level="INFO">Clicking element '//button[contains(text(),'Sign In')]'.</msg>
<status status="PASS" start="2025-02-24T12:24:18.194316" elapsed="3.018927"/>
</kw>
<kw name="User ${USER} Verifies Homepage" owner="ShopLibrary" source_name="User ${USER} Verifies Homepage">
<msg time="2025-02-24T12:24:21.262388" level="INFO">Element '//header[@class='staging-environment']' is displayed.</msg>
<msg time="2025-02-24T12:24:21.301447" level="INFO">Element 'css:button.sidebar-expand' is displayed.</msg>
<msg time="2025-02-24T12:24:21.337995" level="INFO">Element 'css:button.btn.create-new-item-btn' is displayed.</msg>
<msg time="2025-02-24T12:24:21.386289" level="INFO">Element 'css:div.header-logo' is displayed.</msg>
<msg time="2025-02-24T12:24:21.487128" level="INFO">Element 'css:span.user-button' is displayed.</msg>
<msg time="2025-02-24T12:24:21.541276" level="INFO">Element 'css:div.k-portlet' is displayed.</msg>
<doc>This keyword verifies whether the Home page is opened properly or not.
It verifies that Home page header contains Menu button, New button, Shop logo(that too in center), 
user button, Manual reviews information window</doc>
<status status="PASS" start="2025-02-24T12:24:21.215296" elapsed="0.325980"/>
</kw>
<arg>User ${USER} Opens The Browser</arg>
<arg>AND</arg>
<arg>User ${USER} Navigates To The Url</arg>
<arg>AND</arg>
<arg>User ${USER} Logs In To The Shop</arg>
<arg>AND</arg>
<arg>User ${USER} Verifies Homepage</arg>
<doc>Executes all the given keywords in a sequence.</doc>
<status status="PASS" start="2025-02-24T12:23:22.668564" elapsed="58.875772"/>
</kw>
<suite id="s1-s1-s1" name="RegressionTest" source="D:\Shop_project\tests\RegressionTest.robot">
<test id="s1-s1-s1-t1" name="Tc-12 Deactivate any partner" line="135">
<kw name="User ${USER} Opens Page Overview Under Partners Dropdown From Left Menu" owner="ShopLibrary" source_name="User ${USER} Opens Page ${page Name} Under ${dropdown} Dropdown From Left Menu">
<kw name="Set Focus To Element" owner="ShopLibrary">
<arg>css:button.sidebar-expand</arg>
<doc>Sets the focus to the element identified by ``locator``.</doc>
<status status="PASS" start="2025-02-24T12:24:21.625729" elapsed="0.032427"/>
</kw>
<msg time="2025-02-24T12:24:21.658156" level="INFO">Clicking element 'css:button.sidebar-expand'.</msg>
<kw name="Set Focus To Element" owner="ShopLibrary">
<arg>//nav[@id='sidebar']/ul/li/a[contains(text(),'Partners')]</arg>
<doc>Sets the focus to the element identified by ``locator``.</doc>
<status status="PASS" start="2025-02-24T12:24:22.031114" elapsed="0.046760"/>
</kw>
<msg time="2025-02-24T12:24:22.077874" level="INFO">Clicking element '//nav[@id='sidebar']/ul/li/a[contains(text(),'Partners')]'.</msg>
<kw name="Set Focus To Element" owner="ShopLibrary">
<arg>//nav[@id='sidebar']/ul/li/a[contains(text(),'Partners')]/following-sibling::ul/li/a[contains(text(),'Overview')]</arg>
<doc>Sets the focus to the element identified by ``locator``.</doc>
<status status="PASS" start="2025-02-24T12:24:22.462486" elapsed="0.057020"/>
</kw>
<msg time="2025-02-24T12:24:22.519506" level="INFO">Clicking element '//nav[@id='sidebar']/ul/li/a[contains(text(),'Partners')]/following-sibling::ul/li/a[contains(text(),'Overview')]'.</msg>
<doc>This keyword is used to open desired page from left menu (which is under dropdown)</doc>
<status status="PASS" start="2025-02-24T12:24:21.554904" elapsed="4.113063"/>
</kw>
<kw name="User ${USER} Searches For Partner With name Having Value ACADEMYTECH" owner="ShopLibrary" source_name="User ${USER} Searches For Partner With ${filter} Having Value ${value}">
<kw name="Set Focus To Element" owner="ShopLibrary">
<arg>css: input[name=name]</arg>
<doc>Sets the focus to the element identified by ``locator``.</doc>
<status status="PASS" start="2025-02-24T12:24:25.850470" elapsed="0.035696"/>
</kw>
<msg time="2025-02-24T12:24:25.886166" level="INFO">Typing text 'ACADEMYTECH' into text field 'css: input[name=name]'.</msg>
<kw name="Set Focus To Element" owner="ShopLibrary">
<arg>//button[text()='Search']</arg>
<doc>Sets the focus to the element identified by ``locator``.</doc>
<status status="PASS" start="2025-02-24T12:24:26.216512" elapsed="0.060555"/>
</kw>
<msg time="2025-02-24T12:24:26.278111" level="INFO">Clicking element '//button[text()='Search']'.</msg>
<doc>This keyword is used to search partner using filters name /partner_id of the partner</doc>
<status status="PASS" start="2025-02-24T12:24:25.667967" elapsed="7.629077"/>
</kw>
<kw name="User ${USER} Deactivates Partner With Name ACADEMYTECH" owner="ShopLibrary" source_name="User ${USER} Deactivates Partner With Name ${ptnr Name}">
<kw name="Set Focus To Element" owner="ShopLibrary">
<arg>//a[text()='ACADEMYTECH']</arg>
<doc>Sets the focus to the element identified by ``locator``.</doc>
<status status="PASS" start="2025-02-24T12:24:33.398562" elapsed="0.053526"/>
</kw>
<msg time="2025-02-24T12:24:33.452088" level="INFO">Clicking element '//a[text()='ACADEMYTECH']'.</msg>
<kw name="Set Focus To Element" owner="ShopLibrary">
<arg>//button[contains(.,'Actions')]</arg>
<doc>Sets the focus to the element identified by ``locator``.</doc>
<status status="PASS" start="2025-02-24T12:24:43.621016" elapsed="0.042140"/>
</kw>
<msg time="2025-02-24T12:24:43.663156" level="INFO">Clicking element '//button[contains(.,'Actions')]'.</msg>
<kw name="Set Focus To Element" owner="ShopLibrary">
<arg>//a[text()=' Deactivate']</arg>
<doc>Sets the focus to the element identified by ``locator``.</doc>
<status status="PASS" start="2025-02-24T12:24:43.990678" elapsed="0.046160"/>
</kw>
<msg time="2025-02-24T12:24:44.036838" level="INFO">Clicking element '//a[text()=' Deactivate']'.</msg>
<doc>This keyword is ued to deactivate a specific partner.</doc>
<status status="PASS" start="2025-02-24T12:24:33.302529" elapsed="10.923096"/>
</kw>
<doc>To verify that user is able to deactivate any partner</doc>
<tag>All</tag>
<tag>deactivatepartner</tag>
<tag>Test1</tag>
<status status="PASS" start="2025-02-24T12:24:21.552126" elapsed="22.674136"/>
</test>
<status status="PASS" start="2025-02-24T12:24:21.544336" elapsed="22.683693"/>
</suite>
<kw name="Run Keywords" owner="BuiltIn" type="TEARDOWN">
<kw name="User ${USER} Logs Out The Shop" owner="ShopLibrary" source_name="User ${USER} Logs Out The Shop">
<kw name="Set Focus To Element" owner="ShopLibrary">
<arg>css:span.user-button</arg>
<doc>Sets the focus to the element identified by ``locator``.</doc>
<status status="PASS" start="2025-02-24T12:24:44.325772" elapsed="0.065836"/>
</kw>
<msg time="2025-02-24T12:24:44.391608" level="INFO">Clicking element 'css:span.user-button'.</msg>
<kw name="Save Selenium Screenshot" owner="ShopLibrary">
<msg time="2025-02-24T12:24:45.856387" level="INFO" html="true">&lt;/td&gt;&lt;/tr&gt;&lt;tr&gt;&lt;td colspan="3"&gt;&lt;a href="selenium-screenshot-1740380085.615633-0.png"&gt;&lt;img src="selenium-screenshot-1740380085.615633-0.png" width="800px"&gt;&lt;/a&gt;</msg>
<doc>Takes a screenshot with a unique filename to be stored in Robot Framework compiled reports.</doc>
<status status="PASS" start="2025-02-24T12:24:45.615632" elapsed="0.240755"/>
</kw>
<msg time="2025-02-24T12:24:45.856387" level="FAIL">ElementClickInterceptedException: Message: element click intercepted: Element &lt;span class="user-button" data-toggle="dropdown" aria-haspopup="true" aria-expanded="false"&gt;...&lt;/span&gt; is not clickable at point (1359, 32). Other element would receive the click: &lt;div class="modal fade show" id="delete-partner" tabindex="-1" role="dialog" aria-labelledby="delete-partner-label" style="padding-right: 17px; display: block;"&gt;...&lt;/div&gt;
  (Session info: chrome=133.0.6943.127)
Stacktrace:
	GetHandleVerifier [0x00007FF734AECC05+28741]
	(No symbol) [0x00007FF734A4FED0]
	(No symbol) [0x00007FF7348E4FBA]
	(No symbol) [0x00007FF734940F88]
	(No symbol) [0x00007FF73493E9D2]
	(No symbol) [0x00007FF73493BAE1]
	(No symbol) [0x00007FF73493AA41]
	(No symbol) [0x00007FF73492C514]
	(No symbol) [0x00007FF73495FE2A]
	(No symbol) [0x00007FF73492BDE6]
	(No symbol) [0x00007FF734960040]
	(No symbol) [0x00007FF73497FFE1]
	(No symbol) [0x00007FF73495FBD3]
	(No symbol) [0x00007FF734929F43]
	(No symbol) [0x00007FF73492B2D1]
	GetHandleVerifier [0x00007FF734E1DE3D+3375741]
	GetHandleVerifier [0x00007FF734E3096A+3452330]
	GetHandleVerifier [0x00007FF734E2671D+3410781]
	GetHandleVerifier [0x00007FF734BB653B+854395]
	(No symbol) [0x00007FF734A5BE0F]
	(No symbol) [0x00007FF734A57714]
	(No symbol) [0x00007FF734A578AD]
	(No symbol) [0x00007FF734A46189]
	BaseThreadInitThunk [0x00007FF9D6CFE8D7+23]
	RtlUserThreadStart [0x00007FF9D87FBF2C+44]
</msg>
<doc>This keyword is used for logging out of application</doc>
<status status="FAIL" start="2025-02-24T12:24:44.233885" elapsed="1.632255">ElementClickInterceptedException: Message: element click intercepted: Element &lt;span class="user-button" data-toggle="dropdown" aria-haspopup="true" aria-expanded="false"&gt;...&lt;/span&gt; is not clickable at point (1359, 32). Other element would receive the click: &lt;div class="modal fade show" id="delete-partner" tabindex="-1" role="dialog" aria-labelledby="delete-partner-label" style="padding-right: 17px; display: block;"&gt;...&lt;/div&gt;
  (Session info: chrome=133.0.6943.127)
Stacktrace:
	GetHandleVerifier [0x00007FF734AECC05+28741]
	(No symbol) [0x00007FF734A4FED0]
	(No symbol) [0x00007FF7348E4FBA]
	(No symbol) [0x00007FF734940F88]
	(No symbol) [0x00007FF73493E9D2]
	(No symbol) [0x00007FF73493BAE1]
	(No symbol) [0x00007FF73493AA41]
	(No symbol) [0x00007FF73492C514]
	(No symbol) [0x00007FF73495FE2A]
	(No symbol) [0x00007FF73492BDE6]
	(No symbol) [0x00007FF734960040]
	(No symbol) [0x00007FF73497FFE1]
	(No symbol) [0x00007FF73495FBD3]
	(No symbol) [0x00007FF734929F43]
	(No symbol) [0x00007FF73492B2D1]
	GetHandleVerifier [0x00007FF734E1DE3D+3375741]
	GetHandleVerifier [0x00007FF734E3096A+3452330]
	GetHandleVerifier [0x00007FF734E2671D+3410781]
	GetHandleVerifier [0x00007FF734BB653B+854395]
	(No symbol) [0x00007FF734A5BE0F]
	(No symbol) [0x00007FF734A57714]
	(No symbol) [0x00007FF734A578AD]
	(No symbol) [0x00007FF734A46189]
	BaseThreadInitThunk [0x00007FF9D6CFE8D7+23]
	RtlUserThreadStart [0x00007FF9D87FBF2C+44]
</status>
</kw>
<arg>User ${USER} Logs Out The Shop</arg>
<doc>Executes all the given keywords in a sequence.</doc>
<status status="FAIL" start="2025-02-24T12:24:44.231995" elapsed="1.634145">ElementClickInterceptedException: Message: element click intercepted: Element &lt;span class="user-button" data-toggle="dropdown" aria-haspopup="true" aria-expanded="false"&gt;...&lt;/span&gt; is not clickable at point (1359, 32). Other element would receive the click: &lt;div class="modal fade show" id="delete-partner" tabindex="-1" role="dialog" aria-labelledby="delete-partner-label" style="padding-right: 17px; display: block;"&gt;...&lt;/div&gt;
  (Session info: chrome=133.0.6943.127)
Stacktrace:
	GetHandleVerifier [0x00007FF734AECC05+28741]
	(No symbol) [0x00007FF734A4FED0]
	(No symbol) [0x00007FF7348E4FBA]
	(No symbol) [0x00007FF734940F88]
	(No symbol) [0x00007FF73493E9D2]
	(No symbol) [0x00007FF73493BAE1]
	(No symbol) [0x00007FF73493AA41]
	(No symbol) [0x00007FF73492C514]
	(No symbol) [0x00007FF73495FE2A]
	(No symbol) [0x00007FF73492BDE6]
	(No symbol) [0x00007FF734960040]
	(No symbol) [0x00007FF73497FFE1]
	(No symbol) [0x00007FF73495FBD3]
	(No symbol) [0x00007FF734929F43]
	(No symbol) [0x00007FF73492B2D1]
	GetHandleVerifier [0x00007FF734E1DE3D+3375741]
	GetHandleVerifier [0x00007FF734E3096A+3452330]
	GetHandleVerifier [0x00007FF734E2671D+3410781]
	GetHandleVerifier [0x00007FF734BB653B+854395]
	(No symbol) [0x00007FF734A5BE0F]
	(No symbol) [0x00007FF734A57714]
	(No symbol) [0x00007FF734A578AD]
	(No symbol) [0x00007FF734A46189]
	BaseThreadInitThunk [0x00007FF9D6CFE8D7+23]
	RtlUserThreadStart [0x00007FF9D87FBF2C+44]
</status>
</kw>
<status status="FAIL" start="2025-02-24T12:23:22.448460" elapsed="83.417680">Suite teardown failed:
ElementClickInterceptedException: Message: element click intercepted: Element &lt;span class="user-button" data-toggle="dropdown" aria-haspopup="true" aria-expanded="false"&gt;...&lt;/span&gt; is not clickable at point (1359, 32). Other element would receive the click: &lt;div class="modal fade show" id="delete-partner" tabindex="-1" role="dialog" aria-labelledby="delete-partner-label" style="padding-right: 17px; display: block;"&gt;...&lt;/div&gt;
  (Session info: chrome=133.0.6943.127)
Stacktrace:
	GetHandleVerifier [0x00007FF734AECC05+28741]
	(No symbol) [0x00007FF734A4FED0]
	(No symbol) [0x00007FF7348E4FBA]
	(No symbol) [0x00007FF734940F88]
	(No symbol) [0x00007FF73493E9D2]
	(No symbol) [0x00007FF73493BAE1]
	(No symbol) [0x00007FF73493AA41]
	(No symbol) [0x00007FF73492C514]
	(No symbol) [0x00007FF73495FE2A]
	(No symbol) [0x00007FF73492BDE6]
	(No symbol) [0x00007FF734960040]
	(No symbol) [0x00007FF73497FFE1]
	(No symbol) [0x00007FF73495FBD3]
	(No symbol) [0x00007FF734929F43]
	(No symbol) [0x00007FF73492B2D1]
	GetHandleVerifier [0x00007FF734E1DE3D+3375741]
	GetHandleVerifier [0x00007FF734E3096A+3452330]
	GetHandleVerifier [0x00007FF734E2671D+3410781]
	GetHandleVerifier [0x00007FF734BB653B+854395]
	(No symbol) [0x00007FF734A5BE0F]
	(No symbol) [0x00007FF734A57714]
	(No symbol) [0x00007FF734A578AD]
	(No symbol) [0x00007FF734A46189]
	BaseThreadInitThunk [0x00007FF9D6CFE8D7+23]
	RtlUserThreadStart [0x00007FF9D87FBF2C+44]
</status>
</suite>
<status status="FAIL" start="2025-02-24T12:23:22.434312" elapsed="83.433851"/>
</suite>
<statistics>
<total>
<stat pass="0" fail="1" skip="0">All Tests</stat>
</total>
<tag>
<stat pass="0" fail="1" skip="0">All</stat>
<stat pass="0" fail="1" skip="0">deactivatepartner</stat>
<stat pass="0" fail="1" skip="0">Test1</stat>
</tag>
<suite>
<stat pass="0" fail="1" skip="0" id="s1" name="Shop project">Shop project</stat>
<stat pass="0" fail="1" skip="0" id="s1-s1" name="Tests">Shop project.Tests</stat>
<stat pass="0" fail="1" skip="0" id="s1-s1-s1" name="RegressionTest">Shop project.Tests.RegressionTest</stat>
</suite>
</statistics>
<errors>
</errors>
</robot>
